21:46:11:948  INFO 11484 --- [main] com.hmall.HMallApplication               : Starting HMallApplication using Java 11.0.24 on DESKTOP-VUTI4FM with PID 11484 (E:\UserProject\Java\projects\hmall\hmall\hm-service\target\classes started by 75286 in E:\UserProject\Java\projects\hmall\hmall)
21:46:11:953 DEBUG 11484 --- [main] com.hmall.HMallApplication               : Running with Spring Boot v2.7.12, Spring v5.3.27
21:46:11:954  INFO 11484 --- [main] com.hmall.HMallApplication               : The following 1 profile is active: "local"
21:46:12:763  INFO 11484 --- [main] .s.d.r.c.RepositoryConfigurationDelegate : Multiple Spring Data modules found, entering strict repository configuration mode
21:46:12:766  INFO 11484 --- [main] .s.d.r.c.RepositoryConfigurationDelegate : Bootstrapping Spring Data Redis repositories in DEFAULT mode.
21:46:12:804  INFO 11484 --- [main] .s.d.r.c.RepositoryConfigurationDelegate : Finished Spring Data repository scanning in 21 ms. Found 0 Redis repository interfaces.
21:46:13:286  INFO 11484 --- [main] o.s.b.w.embedded.tomcat.TomcatWebServer  : Tomcat initialized with port(s): 8080 (http)
21:46:13:287  INFO 11484 --- [main] o.a.catalina.core.AprLifecycleListener   : Loaded Apache Tomcat Native library [2.0.6] using APR version [1.7.4].
21:46:13:287  INFO 11484 --- [main] o.a.catalina.core.AprLifecycleListener   : APR capabilities: IPv6 [true], sendfile [true], accept filters [false], random [true], UDS [true].
21:46:13:287  INFO 11484 --- [main] o.a.catalina.core.AprLifecycleListener   : APR/OpenSSL configuration: useAprConnector [false], useOpenSSL [true]
21:46:13:301  INFO 11484 --- [main] o.a.catalina.core.AprLifecycleListener   : OpenSSL successfully initialized [OpenSSL 3.0.11 19 Sep 2023]
21:46:13:312  INFO 11484 --- [main] o.apache.catalina.core.StandardService   : Starting service [Tomcat]
21:46:13:312  INFO 11484 --- [main] org.apache.catalina.core.StandardEngine  : Starting Servlet engine: [Apache Tomcat/9.0.75]
21:46:13:453  INFO 11484 --- [main] o.a.c.c.C.[Tomcat].[localhost].[/]       : Initializing Spring embedded WebApplicationContext
21:46:13:454  INFO 11484 --- [main] w.s.c.ServletWebServerApplicationContext : Root WebApplicationContext: initialization completed in 1464 ms
21:46:16:121  INFO 11484 --- [main] pertySourcedRequestMappingHandlerMapping : Mapped URL path [/v2/api-docs] onto method [springfox.documentation.swagger2.web.Swagger2ControllerWebMvc#getDocumentation(String, HttpServletRequest)]
21:46:16:452  INFO 11484 --- [main] o.s.b.w.embedded.tomcat.TomcatWebServer  : Tomcat started on port(s): 8080 (http) with context path ''
21:46:16:453  INFO 11484 --- [main] d.s.w.p.DocumentationPluginsBootstrapper : Documentation plugins bootstrapped
21:46:16:455  INFO 11484 --- [main] d.s.w.p.DocumentationPluginsBootstrapper : Found 1 custom documentation plugin(s)
21:46:16:478  INFO 11484 --- [main] s.d.s.w.s.ApiListingReferenceScanner     : Scanning for api listing references
21:46:16:608  INFO 11484 --- [main] com.hmall.HMallApplication               : Started HMallApplication in 5.021 seconds (JVM running for 5.995)
